2025-04-08 22:18:49.978828 - Received CBT.V508.FILE014.PDS from FILE014.XMI 
2025-04-08 22:18:49.981189 - Found $$$#DATE.txt (text/plain) in CBT.V508.FILE014.PDS, moved to PDS/$$$#DATE
2025-04-08 22:18:49.994607 - Found $$$INTRO.txt (text/plain) in CBT.V508.FILE014.PDS, moved to PDS/$$$INTRO
2025-04-08 22:18:49.995348 - Found $$IEFU83.txt (text/plain) in CBT.V508.FILE014.PDS, moved to PDS/$$IEFU83
2025-04-08 22:18:49.996059 - Found @FILE014.txt (text/plain) in CBT.V508.FILE014.PDS, moved to PDS/@FILE014
2025-04-08 22:18:49.996701 - Found @PDSART0.bin (application/octet-stream) in CBT.V508.FILE014.PDS, moved to PDS/@PDSART0
2025-04-08 22:18:49.997344 - Found @PDSART1.txt (text/plain) in CBT.V508.FILE014.PDS, moved to PDS/@PDSART1
2025-04-08 22:18:49.997926 - Found @PDSART2.txt (text/plain) in CBT.V508.FILE014.PDS, moved to PDS/@PDSART2
2025-04-08 22:18:49.998511 - Found @PDSART3.txt (text/plain) in CBT.V508.FILE014.PDS, moved to PDS/@PDSART3
2025-04-08 22:18:49.999055 - Found CBTCNR1.txt (text/plain) in CBT.V508.FILE014.PDS, moved to PDS/CBTCNR1
2025-04-08 22:18:49.999700 - Found CBTCNR2.txt (text/plain) in CBT.V508.FILE014.PDS, moved to PDS/CBTCNR2
2025-04-08 22:18:50.000327 - Found CBTINTRO.txt (text/plain) in CBT.V508.FILE014.PDS, moved to PDS/CBTINTRO
2025-04-08 22:18:50.000988 - Found IEFACTRT.txt (text/plain) in CBT.V508.FILE014.PDS, moved to PDS/IEFACTRT
2025-04-08 22:18:50.001606 - Found IOCOUN$$.txt (text/plain) in CBT.V508.FILE014.PDS, moved to PDS/IOCOUN$$
2025-04-08 22:18:50.002157 - Found IOCOUNT.txt (text/plain) in CBT.V508.FILE014.PDS, moved to PDS/IOCOUNT
2025-04-08 22:18:50.002753 - Found IOCOUNTA.txt (text/plain) in CBT.V508.FILE014.PDS, moved to PDS/IOCOUNTA
2025-04-08 22:18:50.003413 - Found IOCOUNTB.txt (text/plain) in CBT.V508.FILE014.PDS, moved to PDS/IOCOUNTB
2025-04-08 22:18:50.004033 - Found IOCOUNTC.txt (text/plain) in CBT.V508.FILE014.PDS, moved to PDS/IOCOUNTC
2025-04-08 22:18:50.004673 - Found IOCOUNTD.jcl (text/plain) in CBT.V508.FILE014.PDS, moved to PDS/IOCOUNTD
2025-04-08 22:18:50.005235 - Found JESART.txt (text/plain) in CBT.V508.FILE014.PDS, moved to PDS/JESART
2025-04-08 22:18:50.005811 - Found SMPARTCL.txt (text/plain) in CBT.V508.FILE014.PDS, moved to PDS/SMPARTCL
2025-04-08 22:18:50.006475 - Found SMPART2.txt (text/plain) in CBT.V508.FILE014.PDS, moved to PDS/SMPART2
